<?xml version="1.0" encoding="UTF-8"?>
<testng-results skipped="0" failed="0" ignored="0" total="1" passed="1">
  <reporter-output>
  </reporter-output>
  <suite name="Suite" duration-ms="33147" started-at="2020-05-17T17:27:21Z" finished-at="2020-05-17T17:27:54Z">
    <groups>
      <group name="cucumber">
        <method signature="TestNgRunner.feature(cucumber.api.testng.CucumberFeatureWrapper)[pri:0, instance:com.qa.codeElan.TestRunner.TestNgRunner@25a65b77]" name="feature" class="com.qa.codeElan.TestRunner.TestNgRunner"/>
      </group> <!-- cucumber -->
    </groups>
    <test name="Test" duration-ms="33147" started-at="2020-05-17T17:27:21Z" finished-at="2020-05-17T17:27:54Z">
      <class name="com.qa.codeElan.TestRunner.TestNgRunner">
        <test-method status="PASS" signature="setUpClass()[pri:0, instance:com.qa.codeElan.TestRunner.TestNgRunner@25a65b77]" name="setUpClass" is-config="true" duration-ms="723" started-at="2020-05-17T22:57:21Z" finished-at="2020-05-17T22:57:21Z">
          <reporter-output>
          </reporter-output>
        </test-method> <!-- setUpClass -->
        <test-method status="PASS" signature="feature(cucumber.api.testng.CucumberFeatureWrapper)[pri:0, instance:com.qa.codeElan.TestRunner.TestNgRunner@25a65b77]" name="feature" duration-ms="29980" started-at="2020-05-17T22:57:22Z" description="Runs Cucumber Feature" data-provider="features" finished-at="2020-05-17T22:57:52Z">
          <params>
            <param index="0">
              <value>
                <![CDATA[Log In feature]]>
              </value>
            </param>
          </params>
          <reporter-output>
          </reporter-output>
        </test-method> <!-- feature -->
        <test-method status="PASS" signature="tearDownClass()[pri:0, instance:com.qa.codeElan.TestRunner.TestNgRunner@25a65b77]" name="tearDownClass" is-config="true" duration-ms="1389" started-at="2020-05-17T22:57:52Z" finished-at="2020-05-17T22:57:54Z">
          <reporter-output>
          </reporter-output>
        </test-method> <!-- tearDownClass -->
      </class> <!-- com.qa.codeElan.TestRunner.TestNgRunner -->
    </test> <!-- Test -->
  </suite> <!-- Suite -->
</testng-results>
